#
# There is insufficient memory for the Java Runtime Environment to continue.
# Native memory allocation (mmap) failed to map 134217728 bytes. Error detail: G1 virtual space
# Possible reasons:
#   The system is out of physical RAM or swap space
#   This process is running with CompressedOops enabled, and the Java Heap may be blocking the growth of the native heap
# Possible solutions:
#   Reduce memory load on the system
#   Increase physical memory or swap space
#   Check if swap backing store is full
#   Decrease Java heap size (-Xmx/-Xms)
#   Decrease number of Java threads
#   Decrease Java thread stack sizes (-Xss)
#   Set larger code cache with -XX:ReservedCodeCacheSize=
#   JVM is running with Unscaled Compressed Oops mode in which the Java heap is
#     placed in the first 4GB address space. The Java Heap base address is the
#     maximum limit for the native heap growth. Please use -XX:HeapBaseMinAddress
#     to set the Java Heap base and to place the Java Heap above 4GB virtual address.
# This output file may be truncated or incomplete.
#
#  Out of Memory Error (os_windows.cpp:3898), pid=450580, tid=60008
#
# JRE version:  (21.0.7+9) (build )
# Java VM: OpenJDK 64-Bit Server VM (21.0.7+9-b895.130, mixed mode, sharing, tiered, compressed oops, compressed class ptrs, g1 gc, windows-amd64)
# No core dump will be written. Minidumps are not enabled by default on client versions of Windows
#

---------------  S U M M A R Y ------------

Command Line: -Djava.rmi.server.hostname=127.0.0.1 -Duser.timezone=UTC -Xmx2048m -Xms128m -Djdbc.classpath=C:\Users\Admin\AppData\Local\Temp\RemoteDriver4.classpath.txt --add-exports=java.desktop/sun.awt=ALL-UNNAMED --add-exports=java.desktop/java.awt.peer=ALL-UNNAMED --add-opens=java.desktop/java.awt=ALL-UNNAMED --add-opens=jdk.unsupported/sun.misc=ALL-UNNAMED --add-opens=java.base/java.nio=ALL-UNNAMED --add-opens=java.base/java.util=ALL-UNNAMED -Dfile.encoding=UTF-8 -Dsun.stdout.encoding=UTF-8 -Dsun.stderr.encoding=UTF-8 com.intellij.database.remote.RemoteJdbcServer jdbc.RedisDriver

Host: 12th Gen Intel(R) Core(TM) i5-12400F, 12 cores, 15G,  Windows 10 , 64 bit Build 19041 (10.0.19041.5794)
Time: Mon Aug  4 16:40:18 2025  Windows 10 , 64 bit Build 19041 (10.0.19041.5794) elapsed time: 0.005421 seconds (0d 0h 0m 0s)

---------------  T H R E A D  ---------------

Current thread (0x00000201d744afc0):  JavaThread "Unknown thread" [_thread_in_vm, id=60008, stack(0x000000727b700000,0x000000727b800000) (1024K)]

Stack: [0x000000727b700000,0x000000727b800000]
Native frames: (J=compiled Java code, j=interpreted, Vv=VM code, C=native code)
V  [jvm.dll+0x6e6049]
V  [jvm.dll+0x8c4343]
V  [jvm.dll+0x8c689e]
V  [jvm.dll+0x8c6f83]
V  [jvm.dll+0x289266]
V  [jvm.dll+0x6e28c5]
V  [jvm.dll+0x6d634a]
V  [jvm.dll+0x36388b]
V  [jvm.dll+0x36b456]
V  [jvm.dll+0x3bd7e6]
V  [jvm.dll+0x3bdab8]
V  [jvm.dll+0x335fdc]
V  [jvm.dll+0x336ccb]
V  [jvm.dll+0x88b7a9]
V  [jvm.dll+0x3ca9b8]
V  [jvm.dll+0x8747f8]
V  [jvm.dll+0x45f3ce]
V  [jvm.dll+0x4610b1]
C  [jli.dll+0x52ab]
C  [ucrtbase.dll+0x21bb2]
C  [KERNEL32.DLL+0x17374]
C  [ntdll.dll+0x4cc91]


---------------  P R O C E S S  ---------------

Threads class SMR info:
_java_thread_list=0x00007ffc399eb148, length=0, elements={
}

Java Threads: ( => current thread )
Total: 0

Other Threads:
  0x00000201d9667480 WorkerThread "GC Thread#0"                     [id=435600, stack(0x000000727b800000,0x000000727b900000) (1024K)]
  0x00000201d9678520 ConcurrentGCThread "G1 Main Marker"            [id=450860, stack(0x000000727b900000,0x000000727ba00000) (1024K)]
  0x00000201d96796d0 WorkerThread "G1 Conc#0"                       [id=453324, stack(0x000000727ba00000,0x000000727bb00000) (1024K)]

[error occurred during error reporting (printing all threads), id 0xc0000005, EXCEPTION_ACCESS_VIOLATION (0xc0000005) at pc=0x00007ffc390d90b7]
VM state: not at safepoint (not fully initialized)

VM Mutex/Monitor currently owned by a thread:  ([mutex/lock_event])
[0x00007ffc39a5fab8] Heap_lock - owner thread: 0x00000201d744afc0

Heap address: 0x0000000080000000, size: 2048 MB, Compressed Oops mode: 32-bit

CDS archive(s) mapped at: [0x0000000000000000-0x0000000000000000-0x0000000000000000), size 0, SharedBaseAddress: 0x0000000800000000, ArchiveRelocationMode: 1.
Narrow klass base: 0x0000000000000000, Narrow klass shift: 0, Narrow klass range: 0x0

GC Precious Log:
 CardTable entry size: 512
 Card Set container configuration: InlinePtr #cards 5 size 8 Array Of Cards #cards 12 size 40 Howl #buckets 4 coarsen threshold 1843 Howl Bitmap #cards 512 size 80 coarsen threshold 460 Card regions per heap region 1 cards per card region 2048

Heap:
 garbage-first heap   total 0K, used 0K [0x0000000080000000, 0x0000000100000000)
  region size 1024K, 0 young (0K), 0 survivors (0K)
 Metaspace       used 0K, committed 0K, reserved 0K
  class space    used 0K, committed 0K, reserved 0K

Heap Regions: E=young(eden), S=young(survivor), O=old, HS=humongous(starts), HC=humongous(continues), CS=collection set, F=free, TAMS=top-at-mark-start, PB=parsable bottom

Card table byte_map: [0x00000201ecfc0000,0x00000201ed3c0000] _byte_map_base: 0x00000201ecbc0000

Marking Bits: (CMBitMap*) 0x00000201d9667a90
 Bits: [0x00000201ed3c0000, 0x00000201ef3c0000)

GC Heap History (0 events):
No events

Dll operation events (1 events):
Event: 0.003 Loaded shared library D:\JetBrains\Rider\jbr\bin\java.dll

Deoptimization events (0 events):
No events

Classes loaded (0 events):
No events

Classes unloaded (0 events):
No events

Classes redefined (0 events):
No events

Internal exceptions (0 events):
No events

ZGC Phase Switch (0 events):
No events

VM Operations (0 events):
No events

Memory protections (0 events):
No events

Nmethod flushes (0 events):
No events

Events (0 events):
No events


Dynamic libraries:
0x00007ff788e10000 - 0x00007ff788e1a000 	D:\JetBrains\Rider\jbr\bin\java.exe
0x00007ffd15250000 - 0x00007ffd15448000 	C:\Windows\SYSTEM32\ntdll.dll
0x00007ffd14430000 - 0x00007ffd144f2000 	C:\Windows\System32\KERNEL32.DLL
0x00007ffd12eb0000 - 0x00007ffd131a6000 	C:\Windows\System32\KERNELBASE.dll
0x00007ffd12d60000 - 0x00007ffd12e60000 	C:\Windows\System32\ucrtbase.dll
0x00007ffcd4d50000 - 0x00007ffcd4d68000 	D:\JetBrains\Rider\jbr\bin\jli.dll
0x00007ffce4010000 - 0x00007ffce402b000 	D:\JetBrains\Rider\jbr\bin\VCRUNTIME140.dll
0x00007ffd148f0000 - 0x00007ffd14a8d000 	C:\Windows\System32\USER32.dll
0x00007ffd131b0000 - 0x00007ffd131d2000 	C:\Windows\System32\win32u.dll
0x00007ffd05460000 - 0x00007ffd056fa000 	C:\Windows\WinSxS\amd64_microsoft.windows.common-controls_6595b64144ccf1df_6.0.19041.5794_none_60bcd33171f2783c\COMCTL32.dll
0x00007ffd136c0000 - 0x00007ffd136eb000 	C:\Windows\System32\GDI32.dll
0x00007ffd13f20000 - 0x00007ffd13fbe000 	C:\Windows\System32\msvcrt.dll
0x00007ffd12920000 - 0x00007ffd12a3a000 	C:\Windows\System32\gdi32full.dll
0x00007ffd131e0000 - 0x00007ffd1327d000 	C:\Windows\System32\msvcp_win.dll
0x00007ffd145d0000 - 0x00007ffd145ff000 	C:\Windows\System32\IMM32.DLL
0x00007ffcd4d40000 - 0x00007ffcd4d4c000 	D:\JetBrains\Rider\jbr\bin\vcruntime140_1.dll
0x00007ffc2a790000 - 0x00007ffc2a81d000 	D:\JetBrains\Rider\jbr\bin\msvcp140.dll
0x00007ffc38d90000 - 0x00007ffc39b51000 	D:\JetBrains\Rider\jbr\bin\server\jvm.dll
0x00007ffd14020000 - 0x00007ffd140cf000 	C:\Windows\System32\ADVAPI32.dll
0x00007ffd14170000 - 0x00007ffd1420f000 	C:\Windows\System32\sechost.dll
0x00007ffd14600000 - 0x00007ffd14723000 	C:\Windows\System32\RPCRT4.dll
0x00007ffd128f0000 - 0x00007ffd12917000 	C:\Windows\System32\bcrypt.dll
0x00007ffd13440000 - 0x00007ffd134ab000 	C:\Windows\System32\WS2_32.dll
0x00007ffd12750000 - 0x00007ffd1279b000 	C:\Windows\SYSTEM32\POWRPROF.dll
0x00007ffd0b4b0000 - 0x00007ffd0b4d7000 	C:\Windows\SYSTEM32\WINMM.dll
0x00007ffd0cf20000 - 0x00007ffd0cf2a000 	C:\Windows\SYSTEM32\VERSION.dll
0x00007ffd12730000 - 0x00007ffd12742000 	C:\Windows\SYSTEM32\UMPDC.dll
0x00007ffd10790000 - 0x00007ffd107a2000 	C:\Windows\SYSTEM32\kernel.appcore.dll
0x00007ffcd2940000 - 0x00007ffcd294a000 	D:\JetBrains\Rider\jbr\bin\jimage.dll
0x00007ffd0ab10000 - 0x00007ffd0ad11000 	C:\Windows\SYSTEM32\DBGHELP.DLL
0x00007ffd03170000 - 0x00007ffd031a4000 	C:\Windows\SYSTEM32\dbgcore.DLL
0x00007ffd12a40000 - 0x00007ffd12ac2000 	C:\Windows\System32\bcryptPrimitives.dll
0x00007ffcd2920000 - 0x00007ffcd2940000 	D:\JetBrains\Rider\jbr\bin\java.dll

dbghelp: loaded successfully - version: 4.0.5 - missing functions: none
symbol engine: initialized successfully - sym options: 0x614 - pdb path: .;D:\JetBrains\Rider\jbr\bin;C:\Windows\SYSTEM32;C:\Windows\WinSxS\amd64_microsoft.windows.common-controls_6595b64144ccf1df_6.0.19041.5794_none_60bcd33171f2783c;D:\JetBrains\Rider\jbr\bin\server

VM Arguments:
jvm_args: -Djava.rmi.server.hostname=127.0.0.1 -Duser.timezone=UTC -Xmx2048m -Xms128m -Djdbc.classpath=C:\Users\Admin\AppData\Local\Temp\RemoteDriver4.classpath.txt --add-exports=java.desktop/sun.awt=ALL-UNNAMED --add-exports=java.desktop/java.awt.peer=ALL-UNNAMED --add-opens=java.desktop/java.awt=ALL-UNNAMED --add-opens=jdk.unsupported/sun.misc=ALL-UNNAMED --add-opens=java.base/java.nio=ALL-UNNAMED --add-opens=java.base/java.util=ALL-UNNAMED -Dfile.encoding=UTF-8 -Dsun.stdout.encoding=UTF-8 -Dsun.stderr.encoding=UTF-8 
java_command: com.intellij.database.remote.RemoteJdbcServer jdbc.RedisDriver
java_class_path (initial): D:\jetbrains\Rider\lib\util_rt.jar;D:\jetbrains\Rider\lib\util-8.jar;D:\jetbrains\Rider\lib\groovy.jar;D:\jetbrains\Rider\plugins\DatabaseTools\lib\jdbc-console.jar;D:\jetbrains\Rider\lib\modules\intellij.grid.types.jar;D:\jetbrains\Rider\lib\util.jar;D:\jetbrains\Rider\lib\bouncy-castle.jar
Launcher Type: SUN_STANDARD

[Global flags]
     intx CICompilerCount                          = 4                                         {product} {ergonomic}
     uint ConcGCThreads                            = 3                                         {product} {ergonomic}
     uint G1ConcRefinementThreads                  = 10                                        {product} {ergonomic}
   size_t G1HeapRegionSize                         = 1048576                                   {product} {ergonomic}
    uintx GCDrainStackTargetSize                   = 64                                        {product} {ergonomic}
   size_t InitialHeapSize                          = 134217728                                 {product} {command line}
   size_t MarkStackSize                            = 4194304                                   {product} {ergonomic}
   size_t MaxHeapSize                              = 2147483648                                {product} {command line}
   size_t MinHeapDeltaBytes                        = 1048576                                   {product} {ergonomic}
   size_t MinHeapSize                              = 134217728                                 {product} {command line}
    uintx NonNMethodCodeHeapSize                   = 5839372                                {pd product} {ergonomic}
    uintx NonProfiledCodeHeapSize                  = 122909434                              {pd product} {ergonomic}
    uintx ProfiledCodeHeapSize                     = 122909434                              {pd product} {ergonomic}
    uintx ReservedCodeCacheSize                    = 251658240                              {pd product} {ergonomic}
     bool SegmentedCodeCache                       = true                                      {product} {ergonomic}
   size_t SoftMaxHeapSize                          = 2147483648                             {manageable} {ergonomic}
     bool UseCompressedOops                        = true                           {product lp64_product} {ergonomic}
     bool UseG1GC                                  = true                                      {product} {ergonomic}
     bool UseLargePagesIndividualAllocation        = false                                  {pd product} {ergonomic}

Logging:
Log output configuration:
 #0: stdout all=warning uptime,level,tags foldmultilines=false
 #1: stderr all=off uptime,level,tags foldmultilines=false

Environment Variables:
JAVA_HOME=C:\Users\Admin\.jdks\openjdk-23.0.2
PATH=C:\Program Files\Common Files\Oracle\Java\javapath;C:\Windows\system32;C:\Windows;C:\Windows\System32\Wbem;C:\Windows\System32\WindowsPowerShell\v1.0\;C:\Windows\System32\OpenSSH\;C:\Program Files (x86)\GtkSharp\2.12\bin;C:\Program Files\Microsoft SQL Server\150\Tools\Binn\;C:\Program Files\dotnet\;D:\ffmpeg\;C:\dapr;C:\Users\Admin;C:\cygwin64\bin;C:\Program Files\nodejs\;C:\Program Files\Git\cmd;C:\Program Files\Microsoft SQL Server\Client SDK\ODBC\170\Tools\Binn\;C:\Program Files\TortoiseSVN\bin;d:\cursor\resources\app\bin;d:\cursor\resources\app\bin;C:\Users\Admin\.jdks\openjdk-23.0.2\bin;C:\Users\Admin\AppData\Local\Microsoft\WindowsApps;C:\Program Files (x86)\Tencent\QQGameTempest\Hall.57795\;D:\Program Files\Microsoft VS Code\bin;C:\Users\Admin\.dotnet\tools;C:\Users\Admin\.dapr\bin;d:\Program Files\JetBrains\JetBrains Rider 2023.1.3\bin;d:\Program Files\JetBrains\CLion 2023.3.4\bin;d:\Program Files\JetBrains\IntelliJ IDEA 2024.1.4\bin;C:\Users\Admin\AppData\Roaming\npm;C:\Users\Admin\AppData\Local\JetBrains\Toolbox\scripts;d:\Program Files\JetBrains\WebStor;C:\Users\Admin\AppData\Local\GitHubDesktop\bin;D:\mosquitto;D:\apache-maven-3.6.3\bin;C:\Users\Admin\.dotnet\tools
USERNAME=Admin
OS=Windows_NT
PROCESSOR_IDENTIFIER=Intel64 Family 6 Model 151 Stepping 2, GenuineIntel
TMP=C:\Users\Admin\AppData\Local\Temp
TEMP=C:\Users\Admin\AppData\Local\Temp




Periodic native trim disabled

JNI global refs:
JNI global refs: 0, weak refs: 0

JNI global refs memory usage: 0, weak refs: 0

Process memory usage:
Resident Set Size: 10988K (0% of 16586168K total physical memory with 150440K free physical memory)

OOME stack traces (most recent first):
Classloader memory used:

---------------  S Y S T E M  ---------------

OS:
 Windows 10 , 64 bit Build 19041 (10.0.19041.5794)
OS uptime: 3 days 7:11 hours

CPU: total 12 (initial active 12) (6 cores per cpu, 2 threads per core) family 6 model 151 stepping 2 microcode 0x25, cx8, cmov, fxsr, ht, mmx, 3dnowpref, sse, sse2, sse3, ssse3, sse4.1, sse4.2, popcnt, lzcnt, tsc, tscinvbit, avx, avx2, aes, erms, clmul, bmi1, bmi2, adx, sha, fma, vzeroupper, clflush, clflushopt, clwb, serialize, rdtscp, rdpid, fsrm, f16c, pku, cet_ibt, cet_ss
Processor Information for the first 12 processors :
  Max Mhz: 2500, Current Mhz: 2500, Mhz Limit: 2500

Memory: 4k page, system-wide physical 16197M (146M free)
TotalPageFile size 38831M (AvailPageFile size 25M)
current process WorkingSet (physical memory assigned to process): 10M, peak: 10M
current process commit charge ("private bytes"): 64M, peak: 192M

vm_info: OpenJDK 64-Bit Server VM (21.0.7+9-b895.130) for windows-amd64 JRE (21.0.7+9-b895.130), built on 2025-05-13 by "builduser" with MS VC++ 16.10 / 16.11 (VS2019)

END.
